<?xml version="1.0" encoding="UTF-8"?>
<!-- Generated by org.testng.reporters.JUnitReportReporter -->
<testsuite hostname="Gaurav" failures="0" tests="8" name="tests.LoginPageTest" time="60.651" errors="0" timestamp="2023-12-27T03:44:35 IST" skipped="0">
  <testcase classname="tests.LoginPageTest" name="VerifyTitle" time="8.427"/>
  <system-out/>
  <testcase classname="tests.LoginPageTest" name="VerifyLoginFunctionality" time="7.493"/>
  <system-out/>
  <testcase classname="tests.LoginPageTest" name="VerifyLoginFunctionality" time="8.353"/>
  <system-out/>
  <testcase classname="tests.LoginPageTest" name="VerifyLogo" time="6.516"/>
  <system-out/>
  <testcase classname="tests.LoginPageTest" name="VerifyURL" time="9.428"/>
  <system-out/>
  <testcase classname="tests.LoginPageTest" name="VerifyLoginFunctionality" time="9.977"/>
  <system-out/>
  <testcase classname="tests.LoginPageTest" name="VerifyLoginFunctionality" time="4.772"/>
  <system-out/>
  <testcase classname="tests.LoginPageTest" name="VerifyLoginFunctionality" time="5.685"/>
  <system-out/>
</testsuite> <!-- tests.LoginPageTest -->
